
================================================================================
DÉMARRAGE: mqtt_wgs_install
Description: Installation de tous les widgets MQTT
Date: Sun  1 Jun 00:12:22 CEST 2025
Utilisateur: root
Répertoire: /media/prod/MAXLINK
================================================================================

[2025-06-01 00:12:22] [INFO] [mqtt_wgs_install] Script mqtt_wgs_install initialisé
[2025-06-01 00:12:22] [INFO] [mqtt_wgs_install] ========== DÉBUT DE L'INSTALLATION DES WIDGETS MQTT ==========
[2025-06-01 00:12:22] [INFO] [mqtt_wgs_install] Progression: 5% - Initialisation...
[2025-06-01 00:12:22] [INFO] [mqtt_wgs_install] Progression: 10% - Découverte des widgets...
[2025-06-01 00:12:22] [INFO] [mqtt_wgs_install] Découverte des widgets disponibles
[2025-06-01 00:12:22] [SUCCESS] [mqtt_wgs_install] Widget mqttstats validé
[2025-06-01 00:12:23] [INFO] [mqtt_wgs_install] Widget trouvé: mqttstats
[2025-06-01 00:12:23] [ERROR] [mqtt_wgs_install] JSON invalide: servermonitoring_widget.json
[2025-06-01 00:12:23] [WARN] [mqtt_wgs_install] Widget invalide ignoré: servermonitoring
[2025-06-01 00:12:23] [SUCCESS] [mqtt_wgs_install] Widget uptime validé
[2025-06-01 00:12:23] [INFO] [mqtt_wgs_install] Widget trouvé: uptime
[2025-06-01 00:12:23] [SUCCESS] [mqtt_wgs_install] Widget wifistats validé
[2025-06-01 00:12:23] [INFO] [mqtt_wgs_install] Widget trouvé: wifistats
[2025-06-01 00:12:23] [INFO] [mqtt_wgs_install] Progression: 20% - Installation des dépendances...
[2025-06-01 00:12:24] [INFO] [mqtt_wgs_install] Installation des dépendances Python
[2025-06-01 00:12:24] [INFO] [mqtt_wgs_install] Installation des paquets de la catégorie: python
[2025-06-01 00:12:24] [INFO] [mqtt_wgs_install] Installation du paquet depuis le cache: python3-psutil
[2025-06-01 00:12:25] [SUCCESS] [mqtt_wgs_install] Paquet installé depuis le cache: python3-psutil
[2025-06-01 00:12:25] [INFO] [mqtt_wgs_install] Installation du paquet depuis le cache: python3-paho-mqtt
[2025-06-01 00:12:25] [SUCCESS] [mqtt_wgs_install] Paquet installé depuis le cache: python3-paho-mqtt
[2025-06-01 00:12:25] [INFO] [mqtt_wgs_install] Installation du paquet depuis le cache: python3-pip
[2025-06-01 00:12:29] [SUCCESS] [mqtt_wgs_install] Paquet installé depuis le cache: python3-pip
[2025-06-01 00:12:29] [INFO] [mqtt_wgs_install] Installation du paquet depuis le cache: python3-setuptools
[2025-06-01 00:12:30] [SUCCESS] [mqtt_wgs_install] Paquet installé depuis le cache: python3-setuptools
[2025-06-01 00:12:30] [INFO] [mqtt_wgs_install] Progression: 30% - Installation des widgets...
[2025-06-01 00:12:31] [SUCCESS] [mqtt_wgs_install] Widget mqttstats validé
[2025-06-01 00:12:31] [INFO] [mqtt_wgs_install] Vérification des dépendances Python pour mqttstats
[2025-06-01 00:12:31] [INFO] [mqtt_wgs_install] Dépendances Python vérifiées (installées via le cache)
[2025-06-01 00:12:31] [INFO] [mqtt_wgs_install] Création du service maxlink-widget-mqttstats
[2025-06-01 00:12:31] [INFO] [mqtt_wgs_install] Service créé : maxlink-widget-mqttstats.service
[2025-06-01 00:12:32] [SUCCESS] [mqtt_wgs_install] Service activé: maxlink-widget-mqttstats
[2025-06-01 00:12:32] [SUCCESS] [mqtt_wgs_install] Service démarré: maxlink-widget-mqttstats
[2025-06-01 00:12:32] [SUCCESS] [mqtt_wgs_install] Widget mqttstats enregistré
[2025-06-01 00:12:32] [INFO] [mqtt_wgs_install] Progression: 50% - Widget mqttstats traité
[2025-06-01 00:12:34] [SUCCESS] [mqtt_wgs_install] Widget uptime validé
[2025-06-01 00:12:34] [INFO] [mqtt_wgs_install] Vérification des dépendances Python pour uptime
[2025-06-01 00:12:34] [INFO] [mqtt_wgs_install] Aucune dépendance Python pour uptime
[2025-06-01 00:12:35] [SUCCESS] [mqtt_wgs_install] Widget uptime enregistré
[2025-06-01 00:12:35] [INFO] [mqtt_wgs_install] Progression: 70% - Widget uptime traité
[2025-06-01 00:12:37] [SUCCESS] [mqtt_wgs_install] Widget wifistats validé
[2025-06-01 00:12:37] [INFO] [mqtt_wgs_install] Vérification des dépendances Python pour wifistats
[2025-06-01 00:12:37] [INFO] [mqtt_wgs_install] Dépendances Python vérifiées (installées via le cache)
[2025-06-01 00:12:37] [INFO] [mqtt_wgs_install] Création du service maxlink-widget-wifistats
[2025-06-01 00:12:37] [INFO] [mqtt_wgs_install] Service créé : maxlink-widget-wifistats.service
[2025-06-01 00:12:38] [SUCCESS] [mqtt_wgs_install] Service activé: maxlink-widget-wifistats
[2025-06-01 00:12:38] [SUCCESS] [mqtt_wgs_install] Service démarré: maxlink-widget-wifistats
[2025-06-01 00:12:38] [SUCCESS] [mqtt_wgs_install] Widget wifistats enregistré
[2025-06-01 00:12:38] [INFO] [mqtt_wgs_install] Progression: 90% - Widget wifistats traité
[2025-06-01 00:12:40] [INFO] [mqtt_wgs_install] Progression: 90% - Vérification finale...
[2025-06-01 00:12:44] [INFO] [mqtt_wgs_install] Progression: 100% - Installation terminée
[2025-06-01 00:12:44] [SUCCESS] [mqtt_wgs_install] Tous les widgets installés avec succès
[2025-06-01 00:12:44] [INFO] [mqtt_wgs_install] Installation terminée - Installés: 3/3
[2025-06-01 00:12:44] [INFO] [mqtt_wgs_install] Redémarrage du système prévu dans 15 secondes
[2025-06-01 00:12:59] [INFO] [mqtt_wgs_install] Redémarrage du système
[2025-06-01 00:12:59] [INFO] [mqtt_wgs_install] Script mqtt_wgs_install terminé avec le code 0
