
================================================================================
DÉMARRAGE: mqtt_install
Description: Installation MQTT Broker avec statistiques
Date: Sat 31 May 18:24:47 CEST 2025
Utilisateur: root
Répertoire: /media/prod/MAXLINK
================================================================================

[2025-05-31 18:24:47] [INFO] [mqtt_install] Script mqtt_install initialisé
[2025-05-31 18:24:47] [INFO] [mqtt_install] ========== DÉBUT DE L'INSTALLATION MQTT BROKER ==========
[2025-05-31 18:24:47] [INFO] [mqtt_install] Progression: 5% - Initialisation...
[2025-05-31 18:24:47] [INFO] [mqtt_install] Privilèges root confirmés
[2025-05-31 18:24:47] [INFO] [mqtt_install] Progression: 10% - Préparation du système...
[2025-05-31 18:24:49] [INFO] [mqtt_install] Système de paquets nettoyé
[2025-05-31 18:24:49] [INFO] [mqtt_install] Progression: 20% - Système préparé
[2025-05-31 18:24:51] [INFO] [mqtt_install] Progression: 30% - Installation de Mosquitto...
[2025-05-31 18:24:51] [INFO] [mqtt_install] Installation hybride de Mosquitto et dépendances
[2025-05-31 18:24:51] [INFO] [mqtt_install] Tentative d'installation depuis le cache
[2025-05-31 18:24:55] [SUCCESS] [mqtt_install] Mosquitto et dépendances installé depuis le cache
[2025-05-31 18:24:55] [SUCCESS] [mqtt_install] Tous les paquets installés avec succès
[2025-05-31 18:24:55] [INFO] [mqtt_install] Mosquitto installé avec succès
[2025-05-31 18:24:55] [INFO] [mqtt_install] Progression: 50% - Paquets installés
[2025-05-31 18:24:57] [INFO] [mqtt_install] Progression: 60% - Configuration du système...
[2025-05-31 18:24:57] [INFO] [mqtt_install] Répertoires Mosquitto créés
[2025-05-31 18:24:58] [INFO] [mqtt_install] ldconfig exécuté
[2025-05-31 18:24:58] [INFO] [mqtt_install] Progression: 70% - Système configuré
[2025-05-31 18:25:00] [INFO] [mqtt_install] Progression: 75% - Configuration de Mosquitto...
[2025-05-31 18:25:00] [CMD] [mqtt_install] Exécution: Création utilisateur MQTT
[2025-05-31 18:25:00] [CMD] [mqtt_install] Commande: /usr/bin/mosquitto_passwd -b -c '/etc/mosquitto/passwords' 'mosquitto' 'mqtt'
[2025-05-31 18:25:00] [CMD] [mqtt_install] Code de sortie: 0
[2025-05-31 18:25:00] [INFO] [mqtt_install] Utilisateur MQTT créé: mosquitto
[2025-05-31 18:25:00] [INFO] [mqtt_install] Ancienne configuration sauvegardée
[2025-05-31 18:25:00] [SUCCESS] [mqtt_install] Configuration Mosquitto créée avec topics système
[2025-05-31 18:25:01] [INFO] [mqtt_install] Fichier ACL créé pour autoriser la lecture des topics système
[2025-05-31 18:25:01] [INFO] [mqtt_install] Progression: 85% - Configuration terminée
[2025-05-31 18:25:03] [INFO] [mqtt_install] Progression: 90% - Démarrage du service...
[2025-05-31 18:25:03] [CMD] [mqtt_install] Exécution: Activation au démarrage
[2025-05-31 18:25:03] [CMD] [mqtt_install] Commande: systemctl enable mosquitto >/dev/null 2>&1
[2025-05-31 18:25:04] [CMD] [mqtt_install] Code de sortie: 0
[2025-05-31 18:25:04] [CMD] [mqtt_install] Exécution: Démarrage Mosquitto
[2025-05-31 18:25:04] [CMD] [mqtt_install] Commande: systemctl start mosquitto
[2025-05-31 18:25:04] [CMD] [mqtt_install] Code de sortie: 0
[2025-05-31 18:25:04] [SUCCESS] [mqtt_install] Mosquitto démarré avec succès
[2025-05-31 18:25:07] [INFO] [mqtt_install] Service Mosquitto actif
[2025-05-31 18:25:07] [INFO] [mqtt_install] Progression: 95% - Service démarré
[2025-05-31 18:25:09] [INFO] [mqtt_install] Progression: 98% - Tests de connexion...
[2025-05-31 18:25:10] [SUCCESS] [mqtt_install] Test de connexion MQTT réussi
[2025-05-31 18:25:10] [WARN] [mqtt_install] Port WebSocket non accessible immédiatement
[2025-05-31 18:25:10] [SUCCESS] [mqtt_install] Topics système  accessibles
[2025-05-31 18:25:10] [INFO] [mqtt_install] Progression: 100% - Installation terminée
[2025-05-31 18:25:12] [SUCCESS] [mqtt_install] Installation MQTT Broker terminée avec statistiques système activées
[2025-05-31 18:25:12] [INFO] [mqtt_install] Configuration: mosquitto/mqtt sur ports 1883 et 9001
[2025-05-31 18:25:12] [INFO] [mqtt_install] Script mqtt_install terminé avec le code 0

================================================================================
FIN: mqtt_install
Code de sortie: 0
Durée: 25 secondes
================================================================================

