
================================================================================
DÉMARRAGE: mqtt_install
Description: Installation MQTT Broker (mosquitto/mqtt)
Date: Fri 30 May 23:17:31 CEST 2025
Utilisateur: root
Répertoire: /media/prod/MAXLINK
================================================================================

[2025-05-30 23:17:31] [INFO] [mqtt_install] Script mqtt_install initialisé
[2025-05-30 23:17:31] [INFO] [mqtt_install] ========== DÉBUT DE L'INSTALLATION MQTT BROKER ==========
[2025-05-30 23:17:31] [INFO] [mqtt_install] Progression: 5% - Initialisation...
[2025-05-30 23:17:31] [INFO] [mqtt_install] Privilèges root confirmés
[2025-05-30 23:17:31] [INFO] [mqtt_install] Progression: 10% - Préparation du système...
[2025-05-30 23:17:32] [INFO] [mqtt_install] Système de paquets nettoyé
[2025-05-30 23:17:32] [INFO] [mqtt_install] Progression: 20% - Système préparé
[2025-05-30 23:17:35] [INFO] [mqtt_install] Progression: 30% - Installation de Mosquitto...
[2025-05-30 23:17:35] [INFO] [mqtt_install] Installation hybride de Mosquitto et dépendances
[2025-05-30 23:17:35] [INFO] [mqtt_install] Tentative d'installation depuis le cache
[2025-05-30 23:17:39] [SUCCESS] [mqtt_install] Mosquitto et dépendances installé depuis le cache
[2025-05-30 23:17:39] [SUCCESS] [mqtt_install] Tous les paquets installés avec succès
[2025-05-30 23:17:39] [INFO] [mqtt_install] Mosquitto installé avec succès
[2025-05-30 23:17:39] [INFO] [mqtt_install] Progression: 50% - Paquets installés
[2025-05-30 23:17:41] [INFO] [mqtt_install] Progression: 60% - Configuration du système...
[2025-05-30 23:17:42] [INFO] [mqtt_install] Répertoires Mosquitto créés
[2025-05-30 23:17:42] [INFO] [mqtt_install] ldconfig exécuté
[2025-05-30 23:17:42] [INFO] [mqtt_install] Progression: 70% - Système configuré
[2025-05-30 23:17:44] [INFO] [mqtt_install] Progression: 75% - Configuration de Mosquitto...
[2025-05-30 23:17:44] [CMD] [mqtt_install] Exécution: Création utilisateur MQTT
[2025-05-30 23:17:44] [CMD] [mqtt_install] Commande: /usr/bin/mosquitto_passwd -b -c '/etc/mosquitto/passwords' 'mosquitto' 'mqtt'
[2025-05-30 23:17:44] [CMD] [mqtt_install] Code de sortie: 0
[2025-05-30 23:17:44] [INFO] [mqtt_install] Utilisateur MQTT créé: mosquitto
[2025-05-30 23:17:44] [SUCCESS] [mqtt_install] Configuration Mosquitto créée
[2025-05-30 23:17:44] [ERROR] [mqtt_install] Configuration Mosquitto invalide
[2025-05-30 23:17:45] [INFO] [mqtt_install] Script mqtt_install terminé avec le code 1

================================================================================
FIN: mqtt_install
Code de sortie: 1
Durée: 14 secondes
================================================================================

