
================================================================================
DÉMARRAGE: mqtt_wgs_install
Description: Installation de tous les widgets MQTT
Date: Sun  1 Jun 00:18:45 CEST 2025
Utilisateur: root
Répertoire: /media/prod/MAXLINK
================================================================================

[2025-06-01 00:18:45] [INFO] [mqtt_wgs_install] Script mqtt_wgs_install initialisé
[2025-06-01 00:18:45] [INFO] [mqtt_wgs_install] ========== DÉBUT DE L'INSTALLATION DES WIDGETS MQTT ==========
[2025-06-01 00:18:46] [INFO] [mqtt_wgs_install] Progression: 5% - Initialisation...
[2025-06-01 00:18:46] [INFO] [mqtt_wgs_install] Progression: 10% - Découverte des widgets...
[2025-06-01 00:18:46] [INFO] [mqtt_wgs_install] Découverte des widgets disponibles
[2025-06-01 00:18:46] [SUCCESS] [mqtt_wgs_install] Widget mqttstats validé
[2025-06-01 00:18:46] [INFO] [mqtt_wgs_install] Widget trouvé: mqttstats
[2025-06-01 00:18:46] [SUCCESS] [mqtt_wgs_install] Widget servermonitoring validé
[2025-06-01 00:18:46] [INFO] [mqtt_wgs_install] Widget trouvé: servermonitoring
[2025-06-01 00:18:46] [SUCCESS] [mqtt_wgs_install] Widget uptime validé
[2025-06-01 00:18:47] [INFO] [mqtt_wgs_install] Widget trouvé: uptime
[2025-06-01 00:18:47] [SUCCESS] [mqtt_wgs_install] Widget wifistats validé
[2025-06-01 00:18:47] [INFO] [mqtt_wgs_install] Widget trouvé: wifistats
[2025-06-01 00:18:47] [INFO] [mqtt_wgs_install] Progression: 20% - Installation des dépendances...
[2025-06-01 00:18:47] [INFO] [mqtt_wgs_install] Installation des dépendances Python
[2025-06-01 00:18:47] [INFO] [mqtt_wgs_install] Progression: 30% - Installation des widgets...
[2025-06-01 00:18:48] [SUCCESS] [mqtt_wgs_install] Widget mqttstats validé
[2025-06-01 00:18:48] [INFO] [mqtt_wgs_install] Vérification des dépendances Python pour mqttstats
[2025-06-01 00:18:48] [INFO] [mqtt_wgs_install] Dépendances Python vérifiées (installées via le cache)
[2025-06-01 00:18:48] [INFO] [mqtt_wgs_install] Création du service maxlink-widget-mqttstats
[2025-06-01 00:18:48] [INFO] [mqtt_wgs_install] Service créé : maxlink-widget-mqttstats.service
[2025-06-01 00:18:49] [SUCCESS] [mqtt_wgs_install] Service activé: maxlink-widget-mqttstats
[2025-06-01 00:18:54] [SUCCESS] [mqtt_wgs_install] Service démarré: maxlink-widget-mqttstats
[2025-06-01 00:18:54] [SUCCESS] [mqtt_wgs_install] Widget mqttstats enregistré
[2025-06-01 00:18:54] [INFO] [mqtt_wgs_install] Progression: 45% - Widget mqttstats traité
[2025-06-01 00:18:56] [SUCCESS] [mqtt_wgs_install] Widget servermonitoring validé
[2025-06-01 00:18:56] [INFO] [mqtt_wgs_install] Vérification des dépendances Python pour servermonitoring
[2025-06-01 00:18:57] [INFO] [mqtt_wgs_install] Dépendances Python vérifiées (installées via le cache)
[2025-06-01 00:18:57] [INFO] [mqtt_wgs_install] Création du service maxlink-widget-servermonitoring
[2025-06-01 00:18:57] [INFO] [mqtt_wgs_install] Service créé : maxlink-widget-servermonitoring.service
[2025-06-01 00:18:57] [SUCCESS] [mqtt_wgs_install] Service activé: maxlink-widget-servermonitoring
[2025-06-01 00:18:57] [SUCCESS] [mqtt_wgs_install] Service démarré: maxlink-widget-servermonitoring
[2025-06-01 00:18:58] [SUCCESS] [mqtt_wgs_install] Widget servermonitoring enregistré
[2025-06-01 00:18:58] [INFO] [mqtt_wgs_install] Progression: 60% - Widget servermonitoring traité
[2025-06-01 00:19:00] [SUCCESS] [mqtt_wgs_install] Widget uptime validé
[2025-06-01 00:19:00] [INFO] [mqtt_wgs_install] Vérification des dépendances Python pour uptime
[2025-06-01 00:19:00] [INFO] [mqtt_wgs_install] Aucune dépendance Python pour uptime
[2025-06-01 00:19:01] [SUCCESS] [mqtt_wgs_install] Widget uptime enregistré
[2025-06-01 00:19:01] [INFO] [mqtt_wgs_install] Progression: 75% - Widget uptime traité
[2025-06-01 00:19:03] [SUCCESS] [mqtt_wgs_install] Widget wifistats validé
[2025-06-01 00:19:03] [INFO] [mqtt_wgs_install] Vérification des dépendances Python pour wifistats
[2025-06-01 00:19:03] [INFO] [mqtt_wgs_install] Dépendances Python vérifiées (installées via le cache)
[2025-06-01 00:19:03] [INFO] [mqtt_wgs_install] Création du service maxlink-widget-wifistats
[2025-06-01 00:19:03] [INFO] [mqtt_wgs_install] Service créé : maxlink-widget-wifistats.service
[2025-06-01 00:19:04] [SUCCESS] [mqtt_wgs_install] Service activé: maxlink-widget-wifistats
[2025-06-01 00:19:09] [SUCCESS] [mqtt_wgs_install] Service démarré: maxlink-widget-wifistats
[2025-06-01 00:19:09] [SUCCESS] [mqtt_wgs_install] Widget wifistats enregistré
[2025-06-01 00:19:09] [INFO] [mqtt_wgs_install] Progression: 90% - Widget wifistats traité
[2025-06-01 00:19:12] [INFO] [mqtt_wgs_install] Progression: 90% - Vérification finale...
[2025-06-01 00:19:12] [INFO] [mqtt_wgs_install] Progression: 100% - Installation terminée
[2025-06-01 00:19:12] [SUCCESS] [mqtt_wgs_install] Tous les widgets installés avec succès
[2025-06-01 00:19:12] [INFO] [mqtt_wgs_install] Installation terminée - Installés: 4/4
[2025-06-01 00:19:13] [INFO] [mqtt_wgs_install] Redémarrage du système prévu dans 15 secondes
[2025-06-01 00:19:28] [INFO] [mqtt_wgs_install] Redémarrage du système
[2025-06-01 00:19:28] [INFO] [mqtt_wgs_install] Script mqtt_wgs_install terminé avec le code 0
