
================================================================================
DÉMARRAGE: nginx_install
Description: Installation Nginx et Dashboard (hybride)
Date: Fri 30 May 00:39:28 CEST 2025
Utilisateur: root
Répertoire: /media/prod/MAXLINK
================================================================================

[2025-05-30 00:39:28] [INFO] [nginx_install] Script nginx_install initialisé
[2025-05-30 00:39:28] [INFO] [nginx_install] ========== DÉBUT DE L'INSTALLATION NGINX ET DASHBOARD (HYBRIDE) ==========
[2025-05-30 00:39:29] [INFO] [nginx_install] Progression: 5% - Vérifications initiales...
[2025-05-30 00:39:29] [INFO] [nginx_install] Privilèges root confirmés
[2025-05-30 00:39:29] [INFO] [nginx_install] Progression: 10% - Vérifications terminées
[2025-05-30 00:39:31] [INFO] [nginx_install] Progression: 20% - Installation de Nginx...
[2025-05-30 00:39:31] [INFO] [nginx_install] Installation hybride de Nginx
[2025-05-30 00:39:31] [INFO] [nginx_install] Tentative d'installation depuis le cache
[2025-05-30 00:39:33] [SUCCESS] [nginx_install] Nginx installé depuis le cache
[2025-05-30 00:39:33] [SUCCESS] [nginx_install] Nginx installé avec succès
[2025-05-30 00:39:33] [CMD] [nginx_install] Exécution: Arrêt Nginx
[2025-05-30 00:39:34] [CMD] [nginx_install] Commande: systemctl stop nginx >/dev/null 2>&1
[2025-05-30 00:39:34] [CMD] [nginx_install] Code de sortie: 0
[2025-05-30 00:39:34] [INFO] [nginx_install] Progression: 35% - Nginx installé
[2025-05-30 00:39:36] [INFO] [nginx_install] Progression: 40% - Installation du dashboard...
[2025-05-30 00:39:36] [INFO] [nginx_install] Vérification du cache dashboard
[2025-05-30 00:39:36] [INFO] [nginx_install] Dashboard trouvé dans le cache
[2025-05-30 00:39:36] [INFO] [nginx_install] Répertoire temporaire: /tmp/maxlink-dashboard-1748558376
[2025-05-30 00:39:36] [CMD] [nginx_install] Exécution: Extraction archive
[2025-05-30 00:39:36] [CMD] [nginx_install] Commande: tar -xzf '/var/cache/maxlink/dashboard/dashboard.tar.gz' -C '/tmp/maxlink-dashboard-1748558376'
[2025-05-30 00:39:37] [CMD] [nginx_install] Code de sortie: 0
[2025-05-30 00:39:37] [SUCCESS] [nginx_install] Archive extraite avec succès
[2025-05-30 00:39:37] [ERROR] [nginx_install] Dossier DashBoardV1 non trouvé dans l'archive
[2025-05-30 00:39:37] [INFO] [nginx_install] Script nginx_install terminé avec le code 1

================================================================================
FIN: nginx_install
Code de sortie: 1
Durée: 9 secondes
================================================================================

