
================================================================================
DÉMARRAGE: update_install
Description: Mise à jour système MaxLink avec cache complet
Date: Fri 30 May 22:09:42 CEST 2025
Utilisateur: root
Répertoire: /media/prod/MAXLINK
================================================================================

[2025-05-30 22:09:43] [INFO] [update_install] Script update_install initialisé
[2025-05-30 22:09:43] [INFO] [update_install] ========== DÉBUT DE LA MISE À JOUR SYSTÈME V7 ==========
[2025-05-30 22:09:43] [INFO] [update_install] Progression: 5% - Préparation du système...
[2025-05-30 22:09:43] [INFO] [update_install] Stabilisation du système - attente 5s
[2025-05-30 22:09:48] [INFO] [update_install] Sauvegarde de l'état réseau actuel
[2025-05-30 22:09:48] [INFO] [update_install] Mode AP actif détecté
[2025-05-30 22:09:48] [INFO] [update_install] Déjà connecté au WiFi Max
[2025-05-30 22:09:48] [INFO] [update_install] Interface WiFi wlan0 détectée
[2025-05-30 22:09:48] [CMD] [update_install] Exécution: Activation WiFi
[2025-05-30 22:09:48] [CMD] [update_install] Commande: nmcli radio wifi on >/dev/null 2>&1
[2025-05-30 22:09:49] [CMD] [update_install] Code de sortie: 0
[2025-05-30 22:09:51] [INFO] [update_install] Progression: 10% - WiFi préparé
[2025-05-30 22:09:53] [INFO] [update_install] Progression: 15% - Connexion au réseau...
[2025-05-30 22:09:53] [INFO] [update_install] Vérification et établissement de la connexion internet
[2025-05-30 22:09:53] [INFO] [update_install] Sauvegarde de l'état réseau actuel
[2025-05-30 22:09:53] [INFO] [update_install] Mode AP actif détecté
[2025-05-30 22:09:53] [INFO] [update_install] Déjà connecté au WiFi Max
[2025-05-30 22:09:53] [DEBUG] [update_install] Vérification de la connectivité internet
[2025-05-30 22:09:53] [DEBUG] [update_install] Pas de connectivité internet
[2025-05-30 22:09:54] [INFO] [update_install] Connexion automatique requise pour télécharger les paquets
[2025-05-30 22:09:54] [INFO] [update_install] Désactivation temporaire de l'AP
[2025-05-30 22:09:56] [INFO] [update_install] Tentative de connexion à Max
[2025-05-30 22:10:00] [SUCCESS] [update_install] Connexion WiFi établie
[2025-05-30 22:10:05] [DEBUG] [update_install] Vérification de la connectivité internet
[2025-05-30 22:10:06] [DEBUG] [update_install] Connectivité internet OK
[2025-05-30 22:10:06] [SUCCESS] [update_install] Connectivité internet confirmée
[2025-05-30 22:10:06] [INFO] [update_install] Progression: 30% - Connexion établie
[2025-05-30 22:10:08] [INFO] [update_install] Progression: 35% - Synchronisation de l'horloge...
[2025-05-30 22:10:08] [INFO] [update_install] Synchronisation NTP
[2025-05-30 22:10:08] [CMD] [update_install] Exécution: Activation NTP
[2025-05-30 22:10:08] [CMD] [update_install] Commande: timedatectl set-ntp true
[2025-05-30 22:10:09] [CMD] [update_install] Code de sortie: 0
[2025-05-30 22:10:09] [INFO] [update_install] Stabilisation pour synchronisation NTP - attente 10s
[2025-05-30 22:10:19] [WARN] [update_install] Synchronisation NTP toujours en cours
[2025-05-30 22:10:24] [INFO] [update_install] Heure synchronisée: Fri 30 May 22:10:24 CEST 2025
[2025-05-30 22:10:24] [INFO] [update_install] Progression: 40% - Horloge synchronisée
[2025-05-30 22:10:26] [INFO] [update_install] Progression: 45% - Préparation des mises à jour...
[2025-05-30 22:10:26] [INFO] [update_install] Nettoyage des verrous APT
[2025-05-30 22:10:26] [CMD] [update_install] Exécution: Kill processus APT
[2025-05-30 22:10:26] [CMD] [update_install] Commande: pkill -9 apt 2>/dev/null || true
[2025-05-30 22:10:26] [CMD] [update_install] Code de sortie: 0
[2025-05-30 22:10:27] [CMD] [update_install] Exécution: Kill processus DPKG
[2025-05-30 22:10:27] [CMD] [update_install] Commande: pkill -9 dpkg 2>/dev/null || true
[2025-05-30 22:10:27] [CMD] [update_install] Code de sortie: 0
[2025-05-30 22:10:27] [CMD] [update_install] Exécution: Suppression verrous
[2025-05-30 22:10:27] [CMD] [update_install] Commande: rm -f /var/lib/apt/lists/lock /var/cache/apt/archives/lock /var/lib/dpkg/lock*
[2025-05-30 22:10:27] [CMD] [update_install] Code de sortie: 0
[2025-05-30 22:10:29] [CMD] [update_install] Exécution: APT update
[2025-05-30 22:10:29] [CMD] [update_install] Commande: apt-get update -y
[2025-05-30 22:10:32] [OUT] [update_install] Hit:1 http://deb.debian.org/debian bookworm InRelease
[2025-05-30 22:10:33] [OUT] [update_install] Get:2 http://deb.debian.org/debian-security bookworm-security InRelease [48.0 kB]
[2025-05-30 22:10:33] [OUT] [update_install] Hit:3 http://archive.raspberrypi.com/debian bookworm InRelease
[2025-05-30 22:10:33] [OUT] [update_install] Get:4 http://deb.debian.org/debian bookworm-updates InRelease [55.4 kB]
[2025-05-30 22:10:33] [OUT] [update_install] Get:5 http://deb.debian.org/debian-security bookworm-security/main armhf Packages [246 kB]
[2025-05-30 22:10:33] [OUT] [update_install] Get:6 http://deb.debian.org/debian-security bookworm-security/main arm64 Packages [261 kB]
[2025-05-30 22:10:33] [OUT] [update_install] Fetched 611 kB in 1s (534 kB/s)
[2025-05-30 22:10:33] [OUT] [update_install] Reading package lists...
[2025-05-30 22:10:33] [CMD] [update_install] Code de sortie: 0
[2025-05-30 22:10:33] [INFO] [update_install] Progression: 55% - Installation des mises à jour critiques...
[2025-05-30 22:10:33] [INFO] [update_install] Installation des paquets critiques uniquement
[2025-05-30 22:10:34] [CMD] [update_install] Exécution: Mise à jour sécurité
[2025-05-30 22:10:34] [CMD] [update_install] Commande: DEBIAN_FRONTEND=noninteractive apt-get install -y --only-upgrade openssh-server openssh-client openssl libssl* sudo systemd apt dpkg libc6 libpam* ca-certificates tzdata
[2025-05-30 22:10:35] [OUT] [update_install] Reading package lists...
[2025-05-30 22:10:35] [OUT] [update_install] Building dependency tree...
[2025-05-30 22:10:35] [OUT] [update_install] Reading state information...
[2025-05-30 22:10:35] [OUT] [update_install] openssh-server is already the newest version (1:9.2p1-2+deb12u6).
[2025-05-30 22:10:35] [OUT] [update_install] openssh-client is already the newest version (1:9.2p1-2+deb12u6).
[2025-05-30 22:10:35] [OUT] [update_install] openssl is already the newest version (3.0.16-1~deb12u1+rpt1).
[2025-05-30 22:10:35] [OUT] [update_install] libssl3 is already the newest version (3.0.16-1~deb12u1+rpt1).
[2025-05-30 22:10:35] [OUT] [update_install] Skipping libssl-dev, it is not installed and only upgrades are requested.
[2025-05-30 22:10:35] [OUT] [update_install] Skipping libssl-ocaml, it is not installed and only upgrades are requested.
[2025-05-30 22:10:35] [OUT] [update_install] Skipping libssl-ocaml-dev, it is not installed and only upgrades are requested.
[2025-05-30 22:10:36] [OUT] [update_install] Skipping libssl-doc, it is not installed and only upgrades are requested.
[2025-05-30 22:10:36] [OUT] [update_install] Skipping libssl-utils-clojure, it is not installed and only upgrades are requested.
[2025-05-30 22:10:36] [OUT] [update_install] Skipping libssl-ocaml:armhf, it is not installed and only upgrades are requested.
[2025-05-30 22:10:36] [OUT] [update_install] Skipping libssl-ocaml-dev:armhf, it is not installed and only upgrades are requested.
[2025-05-30 22:10:36] [OUT] [update_install] Skipping libssl1.1, it is not installed and only upgrades are requested.
[2025-05-30 22:10:36] [OUT] [update_install] Skipping libssl1.1-dbgsym, it is not installed and only upgrades are requested.
[2025-05-30 22:10:36] [OUT] [update_install] Skipping libssl3-dbgsym, it is not installed and only upgrades are requested.
[2025-05-30 22:10:36] [OUT] [update_install] sudo is already the newest version (1.9.13p3-1+deb12u1).
[2025-05-30 22:10:36] [OUT] [update_install] systemd is already the newest version (252.38-1~deb12u1).
[2025-05-30 22:10:37] [OUT] [update_install] apt is already the newest version (2.6.1).
[2025-05-30 22:10:37] [OUT] [update_install] dpkg is already the newest version (1.22.6~bpo12+rpt3).
[2025-05-30 22:10:37] [OUT] [update_install] libc6 is already the newest version (2.36-9+rpt2+deb12u10).
[2025-05-30 22:10:37] [OUT] [update_install] libpam0g is already the newest version (1.5.2-6+rpt2+deb12u1).
[2025-05-30 22:10:37] [OUT] [update_install] Skipping libpam-apparmor, it is not installed and only upgrades are requested.
[2025-05-30 22:10:37] [OUT] [update_install] libpam-systemd is already the newest version (252.38-1~deb12u1).
[2025-05-30 22:10:37] [OUT] [update_install] libpam-runtime is already the newest version (1.5.2-6+rpt2+deb12u1).
[2025-05-30 22:10:37] [OUT] [update_install] libpam-modules is already the newest version (1.5.2-6+rpt2+deb12u1).
[2025-05-30 22:10:37] [OUT] [update_install] Skipping libpam-barada, it is not installed and only upgrades are requested.
[2025-05-30 22:10:37] [OUT] [update_install] Skipping libpam-sss, it is not installed and only upgrades are requested.
[2025-05-30 22:10:38] [OUT] [update_install] Skipping libpam-gnome-keyring, it is not installed and only upgrades are requested.
[2025-05-30 22:10:38] [OUT] [update_install] Skipping libpam-tmpdir, it is not installed and only upgrades are requested.
[2025-05-30 22:10:38] [OUT] [update_install] Skipping libpam-krb5, it is not installed and only upgrades are requested.
[2025-05-30 22:10:38] [OUT] [update_install] Skipping libpam-ccreds, it is not installed and only upgrades are requested.
[2025-05-30 22:10:38] [OUT] [update_install] Skipping libpam-mount, it is not installed and only upgrades are requested.
[2025-05-30 22:10:38] [OUT] [update_install] Skipping libpam-mklocaluser, it is not installed and only upgrades are requested.
[2025-05-30 22:10:38] [OUT] [update_install] Skipping libpam-python, it is not installed and only upgrades are requested.
[2025-05-30 22:10:38] [OUT] [update_install] Skipping libpam-duo, it is not installed and only upgrades are requested.
[2025-05-30 22:10:38] [OUT] [update_install] Skipping libpam-fprintd, it is not installed and only upgrades are requested.
[2025-05-30 22:10:38] [OUT] [update_install] Skipping libpam0g-dev, it is not installed and only upgrades are requested.
[2025-05-30 22:10:39] [OUT] [update_install] Skipping libpam-elogind, it is not installed and only upgrades are requested.
[2025-05-30 22:10:39] [OUT] [update_install] Skipping libpam-ldapd, it is not installed and only upgrades are requested.
[2025-05-30 22:10:39] [OUT] [update_install] Skipping libpam-abl, it is not installed and only upgrades are requested.
[2025-05-30 22:10:39] [OUT] [update_install] Skipping libpam-fscrypt, it is not installed and only upgrades are requested.
[2025-05-30 22:10:39] [OUT] [update_install] Skipping libpam-pkcs11, it is not installed and only upgrades are requested.
[2025-05-30 22:10:39] [OUT] [update_install] Skipping libpam-google-authenticator, it is not installed and only upgrades are requested.
[2025-05-30 22:10:39] [OUT] [update_install] Skipping libpam-kwallet-common, it is not installed and only upgrades are requested.
[2025-05-30 22:10:39] [OUT] [update_install] Skipping libpam-kwallet5, it is not installed and only upgrades are requested.
[2025-05-30 22:10:39] [OUT] [update_install] Skipping libpam-mount-bin, it is not installed and only upgrades are requested.
[2025-05-30 22:10:40] [OUT] [update_install] Skipping libpam-cap, it is not installed and only upgrades are requested.
[2025-05-30 22:10:40] [OUT] [update_install] Skipping libpam-cgroup, it is not installed and only upgrades are requested.
[2025-05-30 22:10:40] [OUT] [update_install] Skipping libpam-afs-session, it is not installed and only upgrades are requested.
[2025-05-30 22:10:40] [OUT] [update_install] Skipping libpam-heimdal, it is not installed and only upgrades are requested.
[2025-05-30 22:10:40] [OUT] [update_install] Skipping libpam-alreadyloggedin, it is not installed and only upgrades are requested.
[2025-05-30 22:10:40] [OUT] [update_install] Skipping libpam-chroot, it is not installed and only upgrades are requested.
[2025-05-30 22:10:40] [OUT] [update_install] Skipping libpam-encfs, it is not installed and only upgrades are requested.
[2025-05-30 22:10:40] [OUT] [update_install] Skipping libpam-freerdp2, it is not installed and only upgrades are requested.
[2025-05-30 22:10:40] [OUT] [update_install] Skipping libpam-freerdp2-dev, it is not installed and only upgrades are requested.
[2025-05-30 22:10:40] [OUT] [update_install] Skipping libpam-net, it is not installed and only upgrades are requested.
[2025-05-30 22:10:41] [OUT] [update_install] Skipping libpam-pwdfile, it is not installed and only upgrades are requested.
[2025-05-30 22:10:41] [OUT] [update_install] Skipping libpam-radius-auth, it is not installed and only upgrades are requested.
[2025-05-30 22:10:41] [OUT] [update_install] Skipping libpam-script, it is not installed and only upgrades are requested.
[2025-05-30 22:10:41] [OUT] [update_install] Skipping libpam-ufpidentity, it is not installed and only upgrades are requested.
[2025-05-30 22:10:41] [OUT] [update_install] Skipping libpam-x2go, it is not installed and only upgrades are requested.
[2025-05-30 22:10:41] [OUT] [update_install] Skipping libpam-x2go-dev, it is not installed and only upgrades are requested.
[2025-05-30 22:10:41] [OUT] [update_install] Skipping libpam-pwquality, it is not installed and only upgrades are requested.
[2025-05-30 22:10:41] [OUT] [update_install] Skipping libpam-cgfs, it is not installed and only upgrades are requested.
[2025-05-30 22:10:41] [OUT] [update_install] Skipping libpam-malcontent, it is not installed and only upgrades are requested.
[2025-05-30 22:10:42] [OUT] [update_install] Skipping libpam-oath, it is not installed and only upgrades are requested.
[2025-05-30 22:10:42] [OUT] [update_install] Skipping libpam-ocaml, it is not installed and only upgrades are requested.
[2025-05-30 22:10:42] [OUT] [update_install] Skipping libpam-ocaml-dev, it is not installed and only upgrades are requested.
[2025-05-30 22:10:42] [OUT] [update_install] Skipping libpam-otpw, it is not installed and only upgrades are requested.
[2025-05-30 22:10:42] [OUT] [update_install] Skipping libpam-doc, it is not installed and only upgrades are requested.
[2025-05-30 22:10:42] [OUT] [update_install] libpam-modules-bin is already the newest version (1.5.2-6+rpt2+deb12u1).
[2025-05-30 22:10:42] [OUT] [update_install] Skipping libpam-geoip, it is not installed and only upgrades are requested.
[2025-05-30 22:10:42] [OUT] [update_install] Skipping libpam-krb5-migrate-heimdal, it is not installed and only upgrades are requested.
[2025-05-30 22:10:42] [OUT] [update_install] Skipping libpam-krb5-migrate-mit, it is not installed and only upgrades are requested.
[2025-05-30 22:10:42] [OUT] [update_install] Skipping libpam-mysql, it is not installed and only upgrades are requested.
[2025-05-30 22:10:43] [OUT] [update_install] Skipping libpam-p11, it is not installed and only upgrades are requested.
[2025-05-30 22:10:43] [OUT] [update_install] Skipping libpam-python-doc, it is not installed and only upgrades are requested.
[2025-05-30 22:10:43] [OUT] [update_install] Skipping libpam-shield, it is not installed and only upgrades are requested.
[2025-05-30 22:10:43] [OUT] [update_install] Skipping libpam-ssh-agent-auth, it is not installed and only upgrades are requested.
[2025-05-30 22:10:43] [OUT] [update_install] Skipping libpam-u2f, it is not installed and only upgrades are requested.
[2025-05-30 22:10:43] [OUT] [update_install] Skipping libpam-wrapper, it is not installed and only upgrades are requested.
[2025-05-30 22:10:43] [OUT] [update_install] Skipping libpamtest0, it is not installed and only upgrades are requested.
[2025-05-30 22:10:43] [OUT] [update_install] Skipping libpamtest0-dev, it is not installed and only upgrades are requested.
[2025-05-30 22:10:43] [OUT] [update_install] Skipping libpam-passwdqc, it is not installed and only upgrades are requested.
[2025-05-30 22:10:43] [OUT] [update_install] Skipping libpam-poldi, it is not installed and only upgrades are requested.
[2025-05-30 22:10:44] [OUT] [update_install] Skipping libpam-winbind, it is not installed and only upgrades are requested.
[2025-05-30 22:10:44] [OUT] [update_install] Skipping libpam-shishi, it is not installed and only upgrades are requested.
[2025-05-30 22:10:44] [OUT] [update_install] Skipping libpam-slurm, it is not installed and only upgrades are requested.
[2025-05-30 22:10:44] [OUT] [update_install] Skipping libpam-slurm-adopt, it is not installed and only upgrades are requested.
[2025-05-30 22:10:44] [OUT] [update_install] Skipping libpam-snapper, it is not installed and only upgrades are requested.
[2025-05-30 22:10:44] [OUT] [update_install] Skipping libpam-biometric, it is not installed and only upgrades are requested.
[2025-05-30 22:10:44] [OUT] [update_install] Skipping libpam-yubico, it is not installed and only upgrades are requested.
[2025-05-30 22:10:44] [OUT] [update_install] Skipping libpam-ocaml:armhf, it is not installed and only upgrades are requested.
[2025-05-30 22:10:44] [OUT] [update_install] Skipping libpam-ocaml-dev:armhf, it is not installed and only upgrades are requested.
[2025-05-30 22:10:45] [OUT] [update_install] Skipping libpam-zfs, it is not installed and only upgrades are requested.
[2025-05-30 22:10:45] [OUT] [update_install] libpam-chksshpwd is already the newest version (1.5.2-6+rpt2+deb12u1).
[2025-05-30 22:10:45] [OUT] [update_install] Skipping libpam-chksshpwd-dbgsym, it is not installed and only upgrades are requested.
[2025-05-30 22:10:45] [OUT] [update_install] Skipping libpam-cracklib, it is not installed and only upgrades are requested.
[2025-05-30 22:10:45] [OUT] [update_install] Skipping libpam-cracklib-dbgsym, it is not installed and only upgrades are requested.
[2025-05-30 22:10:45] [OUT] [update_install] Skipping libpam-modules-bin-dbgsym, it is not installed and only upgrades are requested.
[2025-05-30 22:10:45] [OUT] [update_install] Skipping libpam-modules-dbgsym, it is not installed and only upgrades are requested.
[2025-05-30 22:10:45] [OUT] [update_install] Skipping libpam-zfs-dbgsym, it is not installed and only upgrades are requested.
[2025-05-30 22:10:45] [OUT] [update_install] Skipping libpam0g-dbgsym, it is not installed and only upgrades are requested.
[2025-05-30 22:10:45] [OUT] [update_install] ca-certificates is already the newest version (20230311).
[2025-05-30 22:10:46] [OUT] [update_install] tzdata is already the newest version (2025b-0+deb12u1).
[2025-05-30 22:10:46] [OUT] [update_install] You might want to run 'apt --fix-broken install' to correct these.
[2025-05-30 22:10:46] [OUT] [update_install] The following packages have unmet dependencies:
[2025-05-30 22:10:46] [OUT] [update_install]  mosquitto : Depends: libmosquitto1 (= 2.0.11-1.2+deb12u1) but it is not going to be installed
[2025-05-30 22:10:46] [OUT] [update_install]              Depends: libdlt2 (>= 2.18.8) but it is not going to be installed
[2025-05-30 22:10:46] [OUT] [update_install]  mosquitto-clients : Depends: libmosquitto1 (= 2.0.11-1.2+deb12u1) but it is not going to be installed
[2025-05-30 22:10:46] [OUT] [update_install] E: Unmet dependencies. Try 'apt --fix-broken install' with no packages (or specify a solution).
[2025-05-30 22:10:46] [CMD] [update_install] Code de sortie: 100
[2025-05-30 22:10:46] [WARN] [update_install] Certaines mises à jour ont échoué
[2025-05-30 22:10:47] [INFO] [update_install] Progression: 65% - Création du cache de paquets...
[2025-05-30 22:10:47] [INFO] [update_install] Initialisation du cache de paquets
[2025-05-30 22:10:47] [INFO] [update_install] Initialisation du cache des paquets
[2025-05-30 22:10:47] [SUCCESS] [update_install] Cache initialisé: /var/cache/maxlink/packages
[2025-05-30 22:10:47] [SUCCESS] [update_install] Cache initialisé avec succès
[2025-05-30 22:10:47] [INFO] [update_install] Téléchargement de tous les paquets requis
[2025-05-30 22:10:47] [INFO] [update_install] Mise à jour des listes de paquets APT
[2025-05-30 22:10:49] [INFO] [update_install] Téléchargement du paquet: git
[2025-05-30 22:11:04] [SUCCESS] [update_install] Paquet téléchargé: git
[2025-05-30 22:11:05] [INFO] [update_install] Téléchargement du paquet: curl
[2025-05-30 22:11:06] [SUCCESS] [update_install] Paquet téléchargé: curl
[2025-05-30 22:11:06] [INFO] [update_install] Téléchargement du paquet: wget
[2025-05-30 22:11:08] [SUCCESS] [update_install] Paquet téléchargé: wget
[2025-05-30 22:11:08] [INFO] [update_install] Téléchargement du paquet: ca-certificates
[2025-05-30 22:11:11] [SUCCESS] [update_install] Paquet téléchargé: ca-certificates
[2025-05-30 22:11:11] [INFO] [update_install] Téléchargement du paquet: apt-transport-https
[2025-05-30 22:11:16] [SUCCESS] [update_install] Paquet téléchargé: apt-transport-https
[2025-05-30 22:11:17] [INFO] [update_install] Téléchargement du paquet: gnupg
[2025-05-30 22:12:45] [SUCCESS] [update_install] Paquet téléchargé: gnupg
[2025-05-30 22:12:45] [INFO] [update_install] Téléchargement du paquet: lsb-release
[2025-05-30 22:12:47] [SUCCESS] [update_install] Paquet téléchargé: lsb-release
[2025-05-30 22:12:47] [INFO] [update_install] Téléchargement du paquet: nginx
[2025-05-30 22:12:49] [SUCCESS] [update_install] Paquet téléchargé: nginx
[2025-05-30 22:12:49] [INFO] [update_install] Téléchargement du paquet: nginx-common
[2025-05-30 22:12:50] [SUCCESS] [update_install] Paquet téléchargé: nginx-common
[2025-05-30 22:12:50] [INFO] [update_install] Téléchargement du paquet: mosquitto
[2025-05-30 22:12:52] [SUCCESS] [update_install] Paquet téléchargé: mosquitto
[2025-05-30 22:12:52] [INFO] [update_install] Téléchargement du paquet: mosquitto-clients
[2025-05-30 22:12:53] [SUCCESS] [update_install] Paquet téléchargé: mosquitto-clients
[2025-05-30 22:12:54] [INFO] [update_install] Téléchargement du paquet: libdlt2
[2025-05-30 22:12:55] [SUCCESS] [update_install] Paquet téléchargé: libdlt2
[2025-05-30 22:12:55] [INFO] [update_install] Téléchargement du paquet: libdlt-daemon
[2025-05-30 22:12:56] [ERROR] [update_install] Échec du téléchargement: libdlt-daemon
[2025-05-30 22:12:56] [INFO] [update_install] Téléchargement du paquet: dnsmasq
[2025-05-30 22:12:58] [SUCCESS] [update_install] Paquet téléchargé: dnsmasq
[2025-05-30 22:12:58] [INFO] [update_install] Téléchargement du paquet: iptables
[2025-05-30 22:12:59] [SUCCESS] [update_install] Paquet téléchargé: iptables
[2025-05-30 22:12:59] [INFO] [update_install] Téléchargement du paquet: python3-psutil
[2025-05-30 22:13:03] [SUCCESS] [update_install] Paquet téléchargé: python3-psutil
[2025-05-30 22:13:03] [INFO] [update_install] Téléchargement du paquet: python3-paho-mqtt
[2025-05-30 22:13:04] [SUCCESS] [update_install] Paquet téléchargé: python3-paho-mqtt
[2025-05-30 22:13:04] [INFO] [update_install] Téléchargement du paquet: python3-pip
[2025-05-30 22:13:06] [SUCCESS] [update_install] Paquet téléchargé: python3-pip
[2025-05-30 22:13:06] [INFO] [update_install] Téléchargement du paquet: python3-setuptools
[2025-05-30 22:13:07] [SUCCESS] [update_install] Paquet téléchargé: python3-setuptools
[2025-05-30 22:13:08] [INFO] [update_install] Téléchargement du paquet: htop
[2025-05-30 22:13:09] [SUCCESS] [update_install] Paquet téléchargé: htop
[2025-05-30 22:13:09] [INFO] [update_install] Téléchargement du paquet: iotop
[2025-05-30 22:13:10] [SUCCESS] [update_install] Paquet téléchargé: iotop
[2025-05-30 22:13:10] [INFO] [update_install] Téléchargement du paquet: net-tools
[2025-05-30 22:13:12] [SUCCESS] [update_install] Paquet téléchargé: net-tools
[2025-05-30 22:13:12] [INFO] [update_install] Téléchargement du paquet: dnsutils
[2025-05-30 22:13:14] [SUCCESS] [update_install] Paquet téléchargé: dnsutils
[2025-05-30 22:13:14] [INFO] [update_install] Téléchargement du paquet: python3-pil
[2025-05-30 22:13:17] [SUCCESS] [update_install] Paquet téléchargé: python3-pil
[2025-05-30 22:13:17] [INFO] [update_install] Téléchargement du paquet: imagemagick
[2025-05-30 22:13:22] [SUCCESS] [update_install] Paquet téléchargé: imagemagick
[2025-05-30 22:13:23] [INFO] [update_install] Total paquets téléchargés: 685
[2025-05-30 22:13:23] [SUCCESS] [update_install] Tous les paquets ont été téléchargés
[2025-05-30 22:13:23] [INFO] [update_install] Téléchargement du dashboard depuis GitHub
[2025-05-30 22:13:23] [CMD] [update_install] Exécution: Téléchargement dashboard (curl)
[2025-05-30 22:13:23] [CMD] [update_install] Commande: curl -L -o '/var/cache/maxlink/dashboard/dashboard.tar.gz' 'https://github.com/B4ckZ/MaxLink/archive/refs/heads/main.tar.gz'
[2025-05-30 22:13:24] [OUT] [update_install]   % Total    % Received % Xferd  Average Speed   Time    Time     Time  Current
[2025-05-30 22:13:24] [OUT] [update_install]                                  Dload  Upload   Total   Spent    Left  Speed
[2025-05-30 22:13:25] [OUT] [update_install]   0     0    0     0    0     0      0      0 --:--:-- --:--:-- --:--:--     0  0     0    0     0    0     0      0      0 --:--:-- --:--:-- --:--:--     0  0     0    0     0    0     0      0      0 --:--:-- --:--:-- --:--:--     0
[2025-05-30 22:13:25] [OUT] [update_install] 100 12406    0 12406    0     0  11658      0 --:--:--  0:00:01 --:--:-- 11658100 93217    0 93217    0     0  77908      0 --:--:--  0:00:01 --:--:--  597k
[2025-05-30 22:13:25] [CMD] [update_install] Code de sortie: 0
[2025-05-30 22:13:25] [SUCCESS] [update_install] Dashboard téléchargé avec curl
[2025-05-30 22:13:25] [SUCCESS] [update_install] Archive dashboard valide
[2025-05-30 22:13:25] [CMD] [update_install] Exécution: APT autoremove
[2025-05-30 22:13:25] [CMD] [update_install] Commande: apt-get autoremove -y >/dev/null 2>&1
[2025-05-30 22:13:26] [CMD] [update_install] Code de sortie: 100
[2025-05-30 22:13:26] [CMD] [update_install] Exécution: APT autoclean
[2025-05-30 22:13:26] [CMD] [update_install] Commande: apt-get autoclean >/dev/null 2>&1
[2025-05-30 22:13:27] [CMD] [update_install] Code de sortie: 0
[2025-05-30 22:13:27] [INFO] [update_install] Progression: 75% - Cache créé
[2025-05-30 22:13:29] [INFO] [update_install] Progression: 80% - Configuration du système...
[2025-05-30 22:13:29] [INFO] [update_install] Configuration du ventilateur
[2025-05-30 22:13:29] [INFO] [update_install] Configuration ventilateur déjà présente
[2025-05-30 22:13:29] [INFO] [update_install] Installation du fond d'écran personnalisé
[2025-05-30 22:13:29] [INFO] [update_install] Ajout de la version v22.4 sur l'image de fond
[2025-05-30 22:13:30] [SUCCESS] [update_install] Version ajoutée sur l'image
[2025-05-30 22:13:30] [SUCCESS] [update_install] Configuration bureau LXDE appliquée
[2025-05-30 22:13:30] [INFO] [update_install] Progression: 90% - Configuration terminée
[2025-05-30 22:13:32] [INFO] [update_install] Progression: 95% - Finalisation...
[2025-05-30 22:13:32] [INFO] [update_install] Restauration de l'état réseau
[2025-05-30 22:13:32] [INFO] [update_install] Réactivation du mode AP
[2025-05-30 22:13:38] [INFO] [update_install] Progression: 100% - Mise à jour terminée !
[2025-05-30 22:13:39] [SUCCESS] [update_install] Mise à jour système terminée - Version: v22.4
[2025-05-30 22:13:39] [INFO] [update_install] Redémarrage du système prévu dans 10 secondes
[2025-05-30 22:13:49] [INFO] [update_install] Redémarrage du système
[2025-05-30 22:13:49] [INFO] [update_install] Script update_install terminé avec le code 0
