
================================================================================
DÉMARRAGE: update_install
Description: Mise à jour système MaxLink avec cache complet
Date: Tue 13 May 02:20:19 CEST 2025
Utilisateur: root
Répertoire: 
================================================================================

[2025-05-13 02:20:19] [INFO] [update_install] Script update_install initialisé
[2025-05-13 02:20:19] [INFO] [update_install] ========== DÉBUT DE LA MISE À JOUR SYSTÈME V7 ==========
[2025-05-13 02:20:19] [INFO] [update_install] Progression: 5% - Préparation du système...
[2025-05-13 02:20:19] [INFO] [update_install] Stabilisation du système - attente 5s
[2025-05-13 02:20:24] [INFO] [update_install] Sauvegarde de l'état réseau actuel
[2025-05-13 02:20:25] [INFO] [update_install] Mode AP non actif
[2025-05-13 02:20:25] [INFO] [update_install] Interface WiFi wlan0 détectée
[2025-05-13 02:20:25] [CMD] [update_install] Exécution: Activation WiFi
[2025-05-13 02:20:25] [CMD] [update_install] Commande: nmcli radio wifi on >/dev/null 2>&1
[2025-05-13 02:20:25] [CMD] [update_install] Code de sortie: 0
[2025-05-13 02:20:27] [INFO] [update_install] Progression: 10% - WiFi préparé
[2025-05-13 02:20:29] [INFO] [update_install] Progression: 15% - Connexion au réseau...
[2025-05-13 02:20:29] [INFO] [update_install] Vérification et établissement de la connexion internet
[2025-05-13 02:20:29] [INFO] [update_install] Sauvegarde de l'état réseau actuel
[2025-05-13 02:20:30] [INFO] [update_install] Mode AP non actif
[2025-05-13 02:20:30] [DEBUG] [update_install] Vérification de la connectivité internet
[2025-05-13 02:20:30] [DEBUG] [update_install] Pas de connectivité internet
[2025-05-13 02:20:30] [INFO] [update_install] Connexion automatique requise pour télécharger les paquets
[2025-05-13 02:20:30] [INFO] [update_install] Tentative de connexion à Max
[2025-05-13 02:20:33] [SUCCESS] [update_install] Connexion WiFi établie
[2025-05-13 02:20:38] [DEBUG] [update_install] Vérification de la connectivité internet
[2025-05-13 02:20:38] [DEBUG] [update_install] Connectivité internet OK
[2025-05-13 02:20:39] [SUCCESS] [update_install] Connectivité internet confirmée
[2025-05-13 02:20:39] [INFO] [update_install] Progression: 30% - Connexion établie
[2025-05-13 02:20:41] [INFO] [update_install] Progression: 35% - Synchronisation de l'horloge...
[2025-05-13 02:20:41] [INFO] [update_install] Synchronisation NTP
[2025-05-13 02:20:41] [CMD] [update_install] Exécution: Activation NTP
[2025-05-13 02:20:41] [CMD] [update_install] Commande: timedatectl set-ntp true
[2025-05-13 02:20:41] [CMD] [update_install] Code de sortie: 0
[2025-05-13 02:20:41] [INFO] [update_install] Stabilisation pour synchronisation NTP - attente 10s
[2025-05-13 02:20:52] [WARN] [update_install] Synchronisation NTP toujours en cours
[2025-05-30 00:34:09] [INFO] [update_install] Heure synchronisée: Fri 30 May 00:34:09 CEST 2025
[2025-05-30 00:34:09] [INFO] [update_install] Progression: 40% - Horloge synchronisée
[2025-05-30 00:34:11] [INFO] [update_install] Progression: 45% - Préparation des mises à jour...
[2025-05-30 00:34:11] [INFO] [update_install] Nettoyage des verrous APT
[2025-05-30 00:34:11] [CMD] [update_install] Exécution: Kill processus APT
[2025-05-30 00:34:11] [CMD] [update_install] Commande: pkill -9 apt 2>/dev/null || true
[2025-05-30 00:34:12] [CMD] [update_install] Code de sortie: 0
[2025-05-30 00:34:12] [CMD] [update_install] Exécution: Kill processus DPKG
[2025-05-30 00:34:12] [CMD] [update_install] Commande: pkill -9 dpkg 2>/dev/null || true
[2025-05-30 00:34:12] [CMD] [update_install] Code de sortie: 0
[2025-05-30 00:34:12] [CMD] [update_install] Exécution: Suppression verrous
[2025-05-30 00:34:12] [CMD] [update_install] Commande: rm -f /var/lib/apt/lists/lock /var/cache/apt/archives/lock /var/lib/dpkg/lock*
[2025-05-30 00:34:12] [CMD] [update_install] Code de sortie: 0
[2025-05-30 00:34:14] [CMD] [update_install] Exécution: APT update
[2025-05-30 00:34:14] [CMD] [update_install] Commande: apt-get update -y
[2025-05-30 00:34:21] [OUT] [update_install] Get:1 http://deb.debian.org/debian bookworm InRelease [151 kB]
[2025-05-30 00:34:21] [OUT] [update_install] Get:2 http://deb.debian.org/debian-security bookworm-security InRelease [48.0 kB]
[2025-05-30 00:34:21] [OUT] [update_install] Get:3 http://archive.raspberrypi.com/debian bookworm InRelease [55.0 kB]
[2025-05-30 00:34:21] [OUT] [update_install] Get:4 http://deb.debian.org/debian bookworm-updates InRelease [55.4 kB]
[2025-05-30 00:34:21] [OUT] [update_install] Get:5 http://deb.debian.org/debian bookworm/main armhf Packages [8,508 kB]
[2025-05-30 00:34:21] [OUT] [update_install] Get:6 http://deb.debian.org/debian bookworm/main arm64 Packages [8,693 kB]
[2025-05-30 00:34:22] [OUT] [update_install] Get:7 http://deb.debian.org/debian bookworm/main Translation-en [6,109 kB]
[2025-05-30 00:34:22] [OUT] [update_install] Get:8 http://archive.raspberrypi.com/debian bookworm/main arm64 Packages [537 kB]
[2025-05-30 00:34:22] [OUT] [update_install] Get:9 http://archive.raspberrypi.com/debian bookworm/main armhf Packages [539 kB]
[2025-05-30 00:34:22] [OUT] [update_install] Ign:10 http://deb.debian.org/debian bookworm/contrib arm64 Packages
[2025-05-30 00:34:22] [OUT] [update_install] Get:11 http://deb.debian.org/debian bookworm/contrib Translation-en [48.4 kB]
[2025-05-30 00:34:22] [OUT] [update_install] Get:12 http://deb.debian.org/debian bookworm/non-free arm64 Packages [75.8 kB]
[2025-05-30 00:34:22] [OUT] [update_install] Get:13 http://deb.debian.org/debian bookworm/non-free armhf Packages [55.9 kB]
[2025-05-30 00:34:22] [OUT] [update_install] Get:14 http://deb.debian.org/debian bookworm/non-free Translation-en [68.1 kB]
[2025-05-30 00:34:22] [OUT] [update_install] Get:15 http://deb.debian.org/debian bookworm/non-free-firmware arm64 Packages [5,832 B]
[2025-05-30 00:34:23] [OUT] [update_install] Get:16 http://deb.debian.org/debian bookworm/non-free-firmware Translation-en [20.9 kB]
[2025-05-30 00:34:23] [OUT] [update_install] Get:17 http://deb.debian.org/debian-security bookworm-security/main arm64 Packages [261 kB]
[2025-05-30 00:34:23] [OUT] [update_install] Get:17 http://deb.debian.org/debian-security bookworm-security/main arm64 Packages [261 kB]
[2025-05-30 00:34:23] [OUT] [update_install] Get:18 http://deb.debian.org/debian-security bookworm-security/main armhf Packages [246 kB]
[2025-05-30 00:34:23] [OUT] [update_install] Get:19 http://deb.debian.org/debian-security bookworm-security/main Translation-en [160 kB]
[2025-05-30 00:34:23] [OUT] [update_install] Fetched 6,831 kB in 6s (1,093 kB/s)
[2025-05-30 00:34:23] [OUT] [update_install] Reading package lists...
[2025-05-30 00:34:23] [OUT] [update_install] E: Failed to stat /var/lib/apt/lists/partial/deb.debian.org_debian_dists_bookworm_main_binary-armhf_Packages - pkgAcqTransactionItem::TransactionState-stat (2: No such file or directory)
[2025-05-30 00:34:23] [OUT] [update_install] E: Failed to stat /var/lib/apt/lists/partial/deb.debian.org_debian_dists_bookworm_main_binary-arm64_Packages - pkgAcqTransactionItem::TransactionState-stat (2: No such file or directory)
[2025-05-30 00:34:23] [OUT] [update_install] E: Failed to stat /var/lib/apt/lists/partial/deb.debian.org_debian-security_dists_bookworm-security_InRelease - pkgAcqTransactionItem::TransactionState-stat (2: No such file or directory)
[2025-05-30 00:34:24] [OUT] [update_install] E: Failed to stat /var/lib/apt/lists/partial/deb.debian.org_debian_dists_bookworm-updates_InRelease - pkgAcqTransactionItem::TransactionState-stat (2: No such file or directory)
[2025-05-30 00:34:24] [OUT] [update_install] E: Failed to stat /var/lib/apt/lists/partial/archive.raspberrypi.com_debian_dists_bookworm_InRelease - pkgAcqTransactionItem::TransactionState-stat (2: No such file or directory)
[2025-05-30 00:34:24] [OUT] [update_install] E: Failed to stat /var/lib/apt/lists/partial/archive.raspberrypi.com_debian_dists_bookworm_main_binary-arm64_Packages - pkgAcqTransactionItem::TransactionState-stat (2: No such file or directory)
[2025-05-30 00:34:24] [OUT] [update_install] E: Failed to stat /var/lib/apt/lists/partial/archive.raspberrypi.com_debian_dists_bookworm_main_binary-armhf_Packages - pkgAcqTransactionItem::TransactionState-stat (2: No such file or directory)
[2025-05-30 00:34:24] [CMD] [update_install] Code de sortie: 100
[2025-05-30 00:34:24] [ERROR] [update_install] Échec apt-get update
[2025-05-30 00:34:24] [INFO] [update_install] Progression: 55% - Installation des mises à jour critiques...
[2025-05-30 00:34:24] [INFO] [update_install] Installation des paquets critiques uniquement
[2025-05-30 00:34:24] [CMD] [update_install] Exécution: Mise à jour sécurité
[2025-05-30 00:34:25] [CMD] [update_install] Commande: DEBIAN_FRONTEND=noninteractive apt-get install -y --only-upgrade openssh-server openssh-client openssl libssl* sudo systemd apt dpkg libc6 libpam* ca-certificates tzdata
[2025-05-30 00:34:25] [OUT] [update_install] Reading package lists...
[2025-05-30 00:34:25] [OUT] [update_install] Building dependency tree...
[2025-05-30 00:34:25] [OUT] [update_install] Reading state information...
[2025-05-30 00:34:25] [OUT] [update_install] openssh-server is already the newest version (1:9.2p1-2+deb12u5).
[2025-05-30 00:34:25] [OUT] [update_install] openssh-client is already the newest version (1:9.2p1-2+deb12u5).
[2025-05-30 00:34:25] [OUT] [update_install] openssl is already the newest version (3.0.16-1~deb12u1+rpt1).
[2025-05-30 00:34:25] [OUT] [update_install] libssl3 is already the newest version (3.0.16-1~deb12u1+rpt1).
[2025-05-30 00:34:25] [OUT] [update_install] Skipping libssl-dev, it is not installed and only upgrades are requested.
[2025-05-30 00:34:26] [OUT] [update_install] Skipping libssl-doc, it is not installed and only upgrades are requested.
[2025-05-30 00:34:26] [OUT] [update_install] sudo is already the newest version (1.9.13p3-1+deb12u1).
[2025-05-30 00:34:26] [OUT] [update_install] apt is already the newest version (2.6.1).
[2025-05-30 00:34:26] [OUT] [update_install] dpkg is already the newest version (1.22.6~bpo12+rpt3).
[2025-05-30 00:34:26] [OUT] [update_install] libc6 is already the newest version (2.36-9+rpt2+deb12u10).
[2025-05-30 00:34:26] [OUT] [update_install] Skipping libpam-zfs, it is not installed and only upgrades are requested.
[2025-05-30 00:34:26] [OUT] [update_install] libpam-runtime is already the newest version (1.5.2-6+rpt2+deb12u1).
[2025-05-30 00:34:26] [OUT] [update_install] libpam0g is already the newest version (1.5.2-6+rpt2+deb12u1).
[2025-05-30 00:34:26] [OUT] [update_install] Skipping libpam-oath, it is not installed and only upgrades are requested.
[2025-05-30 00:34:26] [OUT] [update_install] libpam-modules is already the newest version (1.5.2-6+rpt2+deb12u1).
[2025-05-30 00:34:27] [OUT] [update_install] Skipping libpam-pkcs11, it is not installed and only upgrades are requested.
[2025-05-30 00:34:27] [OUT] [update_install] Skipping libpam-u2f, it is not installed and only upgrades are requested.
[2025-05-30 00:34:27] [OUT] [update_install] Skipping libpam-winbind, it is not installed and only upgrades are requested.
[2025-05-30 00:34:27] [OUT] [update_install] Skipping libpam-slurm, it is not installed and only upgrades are requested.
[2025-05-30 00:34:27] [OUT] [update_install] Skipping libpam-slurm-adopt, it is not installed and only upgrades are requested.
[2025-05-30 00:34:27] [OUT] [update_install] libpam-chksshpwd is already the newest version (1.5.2-6+rpt2+deb12u1).
[2025-05-30 00:34:27] [OUT] [update_install] libpam-modules-bin is already the newest version (1.5.2-6+rpt2+deb12u1).
[2025-05-30 00:34:27] [OUT] [update_install] ca-certificates is already the newest version (20230311).
[2025-05-30 00:34:27] [OUT] [update_install] tzdata is already the newest version (2025b-0+deb12u1).
[2025-05-30 00:34:28] [OUT] [update_install] The following additional packages will be installed:
[2025-05-30 00:34:28] [OUT] [update_install]   libsystemd-shared libsystemd0 libudev1 systemd-sysv systemd-timesyncd udev
[2025-05-30 00:34:28] [OUT] [update_install] Suggested packages:
[2025-05-30 00:34:28] [OUT] [update_install]   systemd-container systemd-homed systemd-userdbd systemd-boot
[2025-05-30 00:34:28] [OUT] [update_install]   systemd-resolved libtss2-esys-3.0.2-0 libtss2-mu0 libtss2-rc0
[2025-05-30 00:34:28] [OUT] [update_install] Recommended packages:
[2025-05-30 00:34:28] [OUT] [update_install]   libnss-systemd
[2025-05-30 00:34:28] [OUT] [update_install] The following packages will be upgraded:
[2025-05-30 00:34:28] [OUT] [update_install]   libpam-systemd libsystemd-shared libsystemd0 libudev1 systemd systemd-sysv
[2025-05-30 00:34:28] [OUT] [update_install]   systemd-timesyncd udev
[2025-05-30 00:34:29] [OUT] [update_install] 8 upgraded, 0 newly installed, 0 to remove and 3 not upgraded.
[2025-05-30 00:34:29] [OUT] [update_install] Need to get 6,712 kB of archives.
[2025-05-30 00:34:29] [OUT] [update_install] After this operation, 202 kB of additional disk space will be used.
[2025-05-30 00:34:29] [OUT] [update_install] WARNING: The following packages cannot be authenticated!
[2025-05-30 00:34:29] [OUT] [update_install]   systemd-timesyncd libpam-systemd systemd libsystemd-shared systemd-sysv
[2025-05-30 00:34:29] [OUT] [update_install]   libsystemd0 udev libudev1
[2025-05-30 00:34:29] [OUT] [update_install] E: There were unauthenticated packages and -y was used without --allow-unauthenticated
[2025-05-30 00:34:29] [CMD] [update_install] Code de sortie: 100
[2025-05-30 00:34:29] [WARN] [update_install] Certaines mises à jour ont échoué
[2025-05-30 00:34:29] [INFO] [update_install] Progression: 65% - Création du cache de paquets...
[2025-05-30 00:34:30] [INFO] [update_install] Initialisation du cache de paquets
[2025-05-30 00:34:30] [INFO] [update_install] Initialisation du cache des paquets
[2025-05-30 00:34:30] [SUCCESS] [update_install] Cache initialisé: /var/cache/maxlink/packages
[2025-05-30 00:34:30] [SUCCESS] [update_install] Cache initialisé avec succès
[2025-05-30 00:34:30] [INFO] [update_install] Téléchargement de tous les paquets requis
[2025-05-30 00:34:30] [INFO] [update_install] Mise à jour des listes de paquets APT
[2025-05-30 00:34:34] [INFO] [update_install] Téléchargement du paquet: git
[2025-05-30 00:34:48] [SUCCESS] [update_install] Paquet téléchargé: git
[2025-05-30 00:34:48] [INFO] [update_install] Téléchargement du paquet: curl
[2025-05-30 00:34:50] [SUCCESS] [update_install] Paquet téléchargé: curl
[2025-05-30 00:34:50] [INFO] [update_install] Téléchargement du paquet: wget
[2025-05-30 00:34:51] [SUCCESS] [update_install] Paquet téléchargé: wget
[2025-05-30 00:34:52] [INFO] [update_install] Téléchargement du paquet: ca-certificates
[2025-05-30 00:34:55] [SUCCESS] [update_install] Paquet téléchargé: ca-certificates
[2025-05-30 00:34:55] [INFO] [update_install] Téléchargement du paquet: apt-transport-https
[2025-05-30 00:35:01] [SUCCESS] [update_install] Paquet téléchargé: apt-transport-https
[2025-05-30 00:35:01] [INFO] [update_install] Téléchargement du paquet: gnupg
[2025-05-30 00:36:25] [SUCCESS] [update_install] Paquet téléchargé: gnupg
[2025-05-30 00:36:26] [INFO] [update_install] Téléchargement du paquet: lsb-release
[2025-05-30 00:36:27] [SUCCESS] [update_install] Paquet téléchargé: lsb-release
[2025-05-30 00:36:27] [INFO] [update_install] Téléchargement du paquet: nginx
[2025-05-30 00:36:30] [SUCCESS] [update_install] Paquet téléchargé: nginx
[2025-05-30 00:36:30] [INFO] [update_install] Téléchargement du paquet: nginx-common
[2025-05-30 00:36:31] [SUCCESS] [update_install] Paquet téléchargé: nginx-common
[2025-05-30 00:36:31] [INFO] [update_install] Téléchargement du paquet: mosquitto
[2025-05-30 00:36:33] [SUCCESS] [update_install] Paquet téléchargé: mosquitto
[2025-05-30 00:36:33] [INFO] [update_install] Téléchargement du paquet: mosquitto-clients
[2025-05-30 00:36:34] [SUCCESS] [update_install] Paquet téléchargé: mosquitto-clients
[2025-05-30 00:36:34] [INFO] [update_install] Téléchargement du paquet: dnsmasq
[2025-05-30 00:36:37] [SUCCESS] [update_install] Paquet téléchargé: dnsmasq
[2025-05-30 00:36:37] [INFO] [update_install] Téléchargement du paquet: iptables
[2025-05-30 00:36:38] [SUCCESS] [update_install] Paquet téléchargé: iptables
[2025-05-30 00:36:38] [INFO] [update_install] Téléchargement du paquet: python3-psutil
[2025-05-30 00:36:43] [SUCCESS] [update_install] Paquet téléchargé: python3-psutil
[2025-05-30 00:36:43] [INFO] [update_install] Téléchargement du paquet: python3-paho-mqtt
[2025-05-30 00:36:44] [SUCCESS] [update_install] Paquet téléchargé: python3-paho-mqtt
[2025-05-30 00:36:45] [INFO] [update_install] Téléchargement du paquet: python3-pip
[2025-05-30 00:36:47] [SUCCESS] [update_install] Paquet téléchargé: python3-pip
[2025-05-30 00:36:47] [INFO] [update_install] Téléchargement du paquet: python3-setuptools
[2025-05-30 00:36:48] [SUCCESS] [update_install] Paquet téléchargé: python3-setuptools
[2025-05-30 00:36:48] [INFO] [update_install] Téléchargement du paquet: htop
[2025-05-30 00:36:50] [SUCCESS] [update_install] Paquet téléchargé: htop
[2025-05-30 00:36:50] [INFO] [update_install] Téléchargement du paquet: iotop
[2025-05-30 00:36:52] [SUCCESS] [update_install] Paquet téléchargé: iotop
[2025-05-30 00:36:52] [INFO] [update_install] Téléchargement du paquet: net-tools
[2025-05-30 00:36:53] [SUCCESS] [update_install] Paquet téléchargé: net-tools
[2025-05-30 00:36:53] [INFO] [update_install] Téléchargement du paquet: dnsutils
[2025-05-30 00:36:55] [SUCCESS] [update_install] Paquet téléchargé: dnsutils
[2025-05-30 00:36:55] [INFO] [update_install] Téléchargement du paquet: python3-pil
[2025-05-30 00:36:59] [SUCCESS] [update_install] Paquet téléchargé: python3-pil
[2025-05-30 00:36:59] [INFO] [update_install] Téléchargement du paquet: imagemagick
[2025-05-30 00:37:05] [SUCCESS] [update_install] Paquet téléchargé: imagemagick
[2025-05-30 00:37:05] [INFO] [update_install] Total paquets téléchargés: 685
[2025-05-30 00:37:05] [SUCCESS] [update_install] Tous les paquets ont été téléchargés
[2025-05-30 00:37:05] [INFO] [update_install] Téléchargement du dashboard depuis GitHub
[2025-05-30 00:37:05] [CMD] [update_install] Exécution: Téléchargement dashboard (curl)
[2025-05-30 00:37:05] [CMD] [update_install] Commande: curl -L -o '/var/cache/maxlink/dashboard/dashboard.tar.gz' 'https://github.com/B4ckZ/MaxLink/archive/refs/heads/main.tar.gz'
[2025-05-30 00:37:07] [OUT] [update_install]   % Total    % Received % Xferd  Average Speed   Time    Time     Time  Current
[2025-05-30 00:37:07] [OUT] [update_install]                                  Dload  Upload   Total   Spent    Left  Speed
[2025-05-30 00:37:07] [OUT] [update_install]   0     0    0     0    0     0      0      0 --:--:-- --:--:-- --:--:--     0  0     0    0     0    0     0      0      0 --:--:-- --:--:-- --:--:--     0  0     0    0     0    0     0      0      0 --:--:-- --:--:-- --:--:--     0
[2025-05-30 00:37:07] [OUT] [update_install] 100 93217    0 93217    0     0  79390      0 --:--:--  0:00:01 --:--:-- 79390
[2025-05-30 00:37:07] [CMD] [update_install] Code de sortie: 0
[2025-05-30 00:37:07] [SUCCESS] [update_install] Dashboard téléchargé avec curl
[2025-05-30 00:37:07] [SUCCESS] [update_install] Archive dashboard valide
[2025-05-30 00:37:07] [CMD] [update_install] Exécution: APT autoremove
[2025-05-30 00:37:07] [CMD] [update_install] Commande: apt-get autoremove -y >/dev/null 2>&1
[2025-05-30 00:37:08] [CMD] [update_install] Code de sortie: 0
[2025-05-30 00:37:09] [CMD] [update_install] Exécution: APT autoclean
[2025-05-30 00:37:09] [CMD] [update_install] Commande: apt-get autoclean >/dev/null 2>&1
[2025-05-30 00:37:09] [CMD] [update_install] Code de sortie: 0
[2025-05-30 00:37:09] [INFO] [update_install] Progression: 75% - Cache créé
[2025-05-30 00:37:11] [INFO] [update_install] Progression: 80% - Configuration du système...
[2025-05-30 00:37:11] [INFO] [update_install] Configuration du ventilateur
[2025-05-30 00:37:12] [SUCCESS] [update_install] Configuration ventilateur ajoutée
[2025-05-30 00:37:12] [INFO] [update_install] Installation du fond d'écran personnalisé
[2025-05-30 00:37:12] [INFO] [update_install] Ajout de la version v22.4 sur l'image de fond
[2025-05-30 00:37:12] [SUCCESS] [update_install] Version ajoutée sur l'image
[2025-05-30 00:37:12] [SUCCESS] [update_install] Configuration bureau LXDE appliquée
[2025-05-30 00:37:12] [INFO] [update_install] Progression: 90% - Configuration terminée
[2025-05-30 00:37:14] [INFO] [update_install] Progression: 95% - Finalisation...
[2025-05-30 00:37:15] [INFO] [update_install] Restauration de l'état réseau
[2025-05-30 00:37:15] [INFO] [update_install] Déconnexion du WiFi Max
[2025-05-30 00:37:17] [INFO] [update_install] Progression: 100% - Mise à jour terminée !
[2025-05-30 00:37:17] [SUCCESS] [update_install] Mise à jour système terminée - Version: v22.4
[2025-05-30 00:37:17] [INFO] [update_install] Redémarrage du système prévu dans 10 secondes
[2025-05-30 00:37:27] [INFO] [update_install] Redémarrage du système
[2025-05-30 00:37:27] [INFO] [update_install] Script update_install terminé avec le code 0
