
================================================================================
DÉMARRAGE: mqtt_wgs_install
Description: Installation MQTT Widgets
Date: Tue 27 May 20:18:13 CEST 2025
================================================================================

[2025-05-27 20:18:13] [INFO] [mqtt_wgs_install] Script mqtt_wgs_install démarré
[2025-05-27 20:18:14] [INFO] [mqtt_wgs_install] Vérification du broker MQTT...
[2025-05-27 20:18:14] [INFO] [mqtt_wgs_install] Connexion MQTT fonctionnelle
[2025-05-27 20:18:16] [INFO] [mqtt_wgs_install] Scan du répertoire des widgets: /media/prod/MAXLINK/scripts/widgets
[2025-05-27 20:18:16] [INFO] [mqtt_wgs_install] Widget trouvé: servermonitoring
[2025-05-27 20:18:19] [INFO] [mqtt_wgs_install] Package Python manquant pour servermonitoring: paho-mqtt
[2025-05-27 20:18:21] [ERROR] [mqtt_wgs_install] Impossible de se connecter au WiFi
[2025-05-27 20:18:23] [INFO] [mqtt_wgs_install] Script mqtt_wgs_install terminé avec le code 1

================================================================================
FIN: mqtt_wgs_install - Code: 1
================================================================================


================================================================================
DÉMARRAGE: mqtt_wgs_install
Description: Installation MQTT Widgets
Date: Tue 27 May 20:27:25 CEST 2025
================================================================================

[2025-05-27 20:27:25] [INFO] [mqtt_wgs_install] Script mqtt_wgs_install démarré
[2025-05-27 20:27:25] [INFO] [mqtt_wgs_install]   ↦ Initialisation des services...
[2025-05-27 20:27:30] [INFO] [mqtt_wgs_install] Vérification du broker MQTT...
[2025-05-27 20:27:31] [INFO] [mqtt_wgs_install] Connexion MQTT fonctionnelle
[2025-05-27 20:27:33] [INFO] [mqtt_wgs_install] Scan du répertoire des widgets: /media/prod/MAXLINK/scripts/widgets
[2025-05-27 20:27:33] [INFO] [mqtt_wgs_install] Widget trouvé: servermonitoring
[2025-05-27 20:27:35] [INFO] [mqtt_wgs_install] Package Python manquant pour servermonitoring: paho-mqtt
[2025-05-27 20:27:43] [INFO] [mqtt_wgs_install]   ↦ Obtention de l'adresse IP...
[2025-05-27 20:27:49] [INFO] [mqtt_wgs_install] IP obtenue: 192.168.19.61
[2025-05-27 20:27:49] [INFO] [mqtt_wgs_install]   ↦ Stabilisation de la connexion...
[2025-05-27 20:27:55] [ERROR] [mqtt_wgs_install] Script non exécutable: /media/prod/MAXLINK/scripts/widgets/[INFO]/[INFO]_install.sh
[2025-05-27 20:27:57] [ERROR] [mqtt_wgs_install] Script non exécutable: /media/prod/MAXLINK/scripts/widgets/Scan/Scan_install.sh
[2025-05-27 20:28:00] [ERROR] [mqtt_wgs_install] Script non exécutable: /media/prod/MAXLINK/scripts/widgets/du/du_install.sh
[2025-05-27 20:28:02] [ERROR] [mqtt_wgs_install] Script non exécutable: /media/prod/MAXLINK/scripts/widgets/répertoire/répertoire_install.sh
[2025-05-27 20:28:04] [ERROR] [mqtt_wgs_install] Script non exécutable: /media/prod/MAXLINK/scripts/widgets/des/des_install.sh
[2025-05-27 20:28:06] [ERROR] [mqtt_wgs_install] Script non exécutable: /media/prod/MAXLINK/scripts/widgets/widgets:/widgets:_install.sh
[2025-05-27 20:28:08] [ERROR] [mqtt_wgs_install] Script non exécutable: /media/prod/MAXLINK/scripts/widgets//media/prod/MAXLINK/scripts/widgets//media/prod/MAXLINK/scripts/widgets_install.sh
[2025-05-27 20:28:11] [ERROR] [mqtt_wgs_install] Script non exécutable: /media/prod/MAXLINK/scripts/widgets/[INFO]/[INFO]_install.sh
[2025-05-27 20:28:13] [ERROR] [mqtt_wgs_install] Script non exécutable: /media/prod/MAXLINK/scripts/widgets/Widget/Widget_install.sh
[2025-05-27 20:28:15] [ERROR] [mqtt_wgs_install] Script non exécutable: /media/prod/MAXLINK/scripts/widgets/trouvé:/trouvé:_install.sh
[2025-05-27 20:28:17] [ERROR] [mqtt_wgs_install] Script non exécutable: /media/prod/MAXLINK/scripts/widgets/servermonitoring/servermonitoring_install.sh
