
================================================================================
DÉMARRAGE: update_install
Description: Mise à jour système et personnalisation Raspberry Pi
Date: Sun 25 May 12:31:01 CEST 2025
================================================================================

[2025-05-25 12:31:01] [INFO] [update_install] Script update_install démarré
[2025-05-25 12:31:03] [INFO] [update_install] Réseau Max trouvé - Signal: 94 dBm
[2025-05-25 12:31:11] [INFO] [update_install] Connexion WiFi établie - IP: 192.168.19.61
[2025-05-25 12:31:13] [INFO] [update_install] Connectivité Internet OK
[2025-05-25 12:31:15] [INFO] [update_install] Vérification de l'horloge système
[2025-05-25 12:31:18] [INFO] [update_install] Horloge synchronisée via timedatectl
[2025-05-25 12:31:28] [INFO] [update_install] Fond d'écran installé avec version v2.4
[2025-05-25 12:31:28] [INFO] [update_install] Bureau LXDE configuré pour prod
[2025-05-25 12:31:30] [INFO] [update_install] WiFi déconnecté et profil supprimé
[2025-05-25 12:31:31] [INFO] [update_install] Script terminé avec succès - Redémarrage programmé
[2025-05-25 12:31:36] [INFO] [update_install] Script update_install terminé avec le code 0

================================================================================
DÉMARRAGE: update_install
Description: Mise à jour système et personnalisation Raspberry Pi
Date: Tue 13 May 02:20:55 CEST 2025
================================================================================

[2025-05-13 02:20:55] [INFO] [update_install] Script update_install démarré
[2025-05-13 02:21:00] [ERROR] [update_install] Réseau Max non trouvé
[2025-05-13 02:21:00] [INFO] [update_install] Script update_install terminé avec le code 1

================================================================================
FIN: update_install - Code: 1
================================================================================


================================================================================
DÉMARRAGE: update_install
Description: Mise à jour système et personnalisation Raspberry Pi
Date: Tue 13 May 02:21:21 CEST 2025
================================================================================

[2025-05-13 02:21:21] [INFO] [update_install] Script update_install démarré
[2025-05-13 02:21:23] [INFO] [update_install] Réseau Max trouvé - Signal: 100 dBm
[2025-05-13 02:22:13] [ERROR] [update_install] Échec de la connexion WiFi
[2025-05-13 02:22:13] [INFO] [update_install] Script update_install terminé avec le code 1

================================================================================
FIN: update_install - Code: 1
================================================================================


================================================================================
DÉMARRAGE: update_install
Description: Mise à jour système et personnalisation Raspberry Pi
Date: Sun 25 May 12:51:10 CEST 2025
================================================================================

[2025-05-25 12:51:10] [INFO] [update_install] Script update_install démarré
[2025-05-25 12:51:12] [INFO] [update_install] Réseau Max trouvé - Signal: Mbit/s dBm
[2025-05-25 12:51:34] [INFO] [update_install] Connexion WiFi établie - IP: 192.168.19.61
[2025-05-25 12:51:36] [INFO] [update_install] Connectivité Internet OK
[2025-05-25 12:51:39] [INFO] [update_install] Vérification de l'horloge système
[2025-05-25 12:51:41] [INFO] [update_install] Horloge synchronisée via timedatectl

================================================================================
DÉMARRAGE: update_install
Description: Mise à jour système et personnalisation Raspberry Pi
Date: Sun 25 May 12:56:02 CEST 2025
================================================================================

[2025-05-25 12:56:02] [INFO] [update_install] Script update_install démarré
[2025-05-25 12:56:08] [INFO] [update_install] Réseau Max trouvé - Signal: Mbit/s dBm
[2025-05-25 12:56:13] [INFO] [update_install] Connexion WiFi établie - IP: 192.168.19.61
[2025-05-25 12:56:15] [INFO] [update_install] Connectivité Internet OK
[2025-05-25 12:56:17] [INFO] [update_install] Vérification de l'horloge système
[2025-05-25 12:56:20] [INFO] [update_install] Horloge synchronisée via timedatectl
[2025-05-25 12:56:38] [INFO] [update_install] Configuration ventilateur ajoutée
[2025-05-25 12:56:41] [INFO] [update_install] Bureau LXDE configuré pour prod
[2025-05-25 12:56:43] [INFO] [update_install] WiFi déconnecté et profil supprimé
[2025-05-25 12:56:43] [INFO] [update_install] Script terminé avec succès - Redémarrage programmé
[2025-05-25 12:56:49] [INFO] [update_install] Script update_install terminé avec le code 0

================================================================================
DÉMARRAGE: update_install
Description: Mise à jour système et personnalisation Raspberry Pi
Date: Sun 25 May 12:58:03 CEST 2025
================================================================================

[2025-05-25 12:58:03] [INFO] [update_install] Script update_install démarré
[2025-05-25 12:58:06] [INFO] [update_install] Réseau Max trouvé - Signal: 100 dBm
[2025-05-25 12:58:23] [INFO] [update_install] Connexion WiFi établie - IP: 192.168.19.61
[2025-05-25 12:58:25] [INFO] [update_install] Connectivité Internet OK
[2025-05-25 12:58:27] [INFO] [update_install] Vérification de l'horloge système
[2025-05-25 12:58:30] [INFO] [update_install] Horloge synchronisée via timedatectl
[2025-05-25 12:58:45] [INFO] [update_install] Bureau LXDE configuré pour prod
[2025-05-25 12:58:47] [INFO] [update_install] WiFi déconnecté et profil supprimé
[2025-05-25 12:58:48] [INFO] [update_install] Script terminé avec succès - Redémarrage programmé
[2025-05-25 12:58:53] [INFO] [update_install] Script update_install terminé avec le code 0

================================================================================
DÉMARRAGE: update_install
Description: Mise à jour système et personnalisation Raspberry Pi
Date: Sun 25 May 13:02:01 CEST 2025
================================================================================

[2025-05-25 13:02:01] [INFO] [update_install] Script update_install démarré
