
================================================================================
D…MARRAGE: interface
Description: Interface graphique MaxLink Admin Panel
Date: Thu May 29 18:09:46 2025
Utilisateur: unknown
RÈpertoire: C:\Windows\system32
================================================================================

[2025-05-29 18:09:46] [INFO] [interface] Interface MaxLink d√©marr√©e
[2025-05-29 18:09:46] [INFO] [interface] Initialisation du gestionnaire de variables
[2025-05-29 18:09:46] [INFO] [interface] Variables charg√©es: 43 variables
[2025-05-29 18:09:46] [INFO] [interface] Variables charg√©es avec succ√®s
[2025-05-29 18:09:46] [INFO] [interface] Initialisation de l'application MaxLink
[2025-05-29 18:09:46] [INFO] [interface] Mode root: False
[2025-05-29 18:09:46] [INFO] [interface] Services charg√©s: 5
[2025-05-29 18:09:46] [INFO] [interface] Interface cr√©√©e avec succ√®s

================================================================================
FIN: interface
Date: Thu May 29 18:09:48 2025
================================================================================

[2025-05-29 18:09:48] [INFO] [interface] Interface ferm√©e

================================================================================
D…MARRAGE: interface
Description: Interface graphique MaxLink Admin Panel
Date: Thu May 29 18:12:18 2025
Utilisateur: unknown
RÈpertoire: C:\Windows\system32
================================================================================

[2025-05-29 18:12:18] [INFO] [interface] Interface MaxLink d√©marr√©e
[2025-05-29 18:12:18] [INFO] [interface] Initialisation du gestionnaire de variables
[2025-05-29 18:12:18] [INFO] [interface] Variables charg√©es: 43 variables
[2025-05-29 18:12:18] [INFO] [interface] Variables charg√©es avec succ√®s
[2025-05-29 18:12:18] [INFO] [interface] Initialisation de l'application MaxLink
[2025-05-29 18:12:18] [INFO] [interface] Mode root: False
[2025-05-29 18:12:18] [INFO] [interface] Services charg√©s: 5
[2025-05-29 18:12:18] [INFO] [interface] Interface cr√©√©e avec succ√®s

================================================================================
FIN: interface
Date: Thu May 29 18:12:20 2025
================================================================================

[2025-05-29 18:12:20] [INFO] [interface] Interface ferm√©e

================================================================================
D√âMARRAGE: interface
Description: Interface graphique MaxLink Admin Panel
Date: Tue May 13 02:18:20 2025
Utilisateur: root
R√©pertoire: /media/prod/MAXLINK
================================================================================

[2025-05-13 02:18:20] [INFO] [interface] Interface MaxLink d√©marr√©e
[2025-05-13 02:18:20] [INFO] [interface] Initialisation du gestionnaire de variables
[2025-05-13 02:18:20] [INFO] [interface] Variables charg√©es: 43 variables
[2025-05-13 02:18:20] [INFO] [interface] Variables charg√©es avec succ√®s
[2025-05-13 02:18:20] [INFO] [interface] Initialisation de l'application MaxLink
[2025-05-13 02:18:20] [INFO] [interface] Mode root: True
[2025-05-13 02:18:20] [INFO] [interface] Services charg√©s: 5
[2025-05-13 02:18:20] [INFO] [interface] Interface cr√©√©e avec succ√®s
[2025-05-13 02:19:20] [INFO] [interface] Ex√©cution action: install sur Update RPI
[2025-05-13 02:19:20] [INFO] [interface] Ex√©cution du script: /media/prod/MAXLINK/scripts/install/update_install.sh
[2025-05-13 02:19:20] [INFO] [interface] D√©marrage du processus: /media/prod/MAXLINK/scripts/install/update_install.sh

================================================================================
D√âMARRAGE: interface
Description: Interface graphique MaxLink Admin Panel
Date: Thu May 29 18:28:55 2025
Utilisateur: root
R√©pertoire: /media/prod/MAXLINK
================================================================================

[2025-05-29 18:28:55] [INFO] [interface] Interface MaxLink d√©marr√©e
[2025-05-29 18:28:55] [INFO] [interface] Initialisation du gestionnaire de variables
[2025-05-29 18:28:55] [INFO] [interface] Variables charg√©es: 43 variables
[2025-05-29 18:28:55] [INFO] [interface] Variables charg√©es avec succ√®s
[2025-05-29 18:28:55] [INFO] [interface] Initialisation de l'application MaxLink
[2025-05-29 18:28:55] [INFO] [interface] Mode root: True
[2025-05-29 18:28:55] [INFO] [interface] Services charg√©s: 5
[2025-05-29 18:28:55] [INFO] [interface] Interface cr√©√©e avec succ√®s
[2025-05-29 18:29:18] [INFO] [interface] Ex√©cution action: install sur Network AP
[2025-05-29 18:29:18] [INFO] [interface] Ex√©cution du script: /media/prod/MAXLINK/scripts/install/ap_install.sh
[2025-05-29 18:29:18] [INFO] [interface] D√©marrage du processus: /media/prod/MAXLINK/scripts/install/ap_install.sh

================================================================================
D√âMARRAGE: interface
Description: Interface graphique MaxLink Admin Panel
Date: Thu May 29 18:30:26 2025
Utilisateur: root
R√©pertoire: /media/prod/MAXLINK
================================================================================

[2025-05-29 18:30:27] [INFO] [interface] Interface MaxLink d√©marr√©e
[2025-05-29 18:30:27] [INFO] [interface] Initialisation du gestionnaire de variables
[2025-05-29 18:30:27] [INFO] [interface] Variables charg√©es: 43 variables
[2025-05-29 18:30:27] [INFO] [interface] Variables charg√©es avec succ√®s
[2025-05-29 18:30:27] [INFO] [interface] Initialisation de l'application MaxLink
[2025-05-29 18:30:27] [INFO] [interface] Mode root: True
[2025-05-29 18:30:27] [INFO] [interface] Services charg√©s: 5
[2025-05-29 18:30:27] [INFO] [interface] Interface cr√©√©e avec succ√®s
[2025-05-29 18:30:32] [INFO] [interface] Ex√©cution action: install sur NginX Web
[2025-05-29 18:30:32] [INFO] [interface] Ex√©cution du script: /media/prod/MAXLINK/scripts/install/nginx_install.sh
[2025-05-29 18:30:32] [INFO] [interface] D√©marrage du processus: /media/prod/MAXLINK/scripts/install/nginx_install.sh

================================================================================
D√âMARRAGE: interface
Description: Interface graphique MaxLink Admin Panel
Date: Thu May 29 18:32:18 2025
Utilisateur: root
R√©pertoire: /media/prod/MAXLINK
================================================================================

[2025-05-29 18:32:18] [INFO] [interface] Interface MaxLink d√©marr√©e
[2025-05-29 18:32:18] [INFO] [interface] Initialisation du gestionnaire de variables
[2025-05-29 18:32:18] [INFO] [interface] Variables charg√©es: 43 variables
[2025-05-29 18:32:18] [INFO] [interface] Variables charg√©es avec succ√®s
[2025-05-29 18:32:18] [INFO] [interface] Initialisation de l'application MaxLink
[2025-05-29 18:32:18] [INFO] [interface] Mode root: True
[2025-05-29 18:32:18] [INFO] [interface] Services charg√©s: 5
[2025-05-29 18:32:18] [INFO] [interface] Interface cr√©√©e avec succ√®s
[2025-05-29 18:32:29] [INFO] [interface] Ex√©cution action: install sur MQTT BKR
[2025-05-29 18:32:29] [INFO] [interface] Ex√©cution du script: /media/prod/MAXLINK/scripts/install/mqtt_install.sh
[2025-05-29 18:32:29] [INFO] [interface] D√©marrage du processus: /media/prod/MAXLINK/scripts/install/mqtt_install.sh
[2025-05-29 18:33:03] [INFO] [interface] Script termin√© avec code: 0
[2025-05-29 18:33:03] [INFO] [interface] Service MQTT BKR activ√©
[2025-05-29 18:33:56] [INFO] [interface] Ex√©cution action: install sur MQTT WGS
[2025-05-29 18:33:56] [INFO] [interface] Ex√©cution du script: /media/prod/MAXLINK/scripts/install/mqtt_wgs_install.sh
[2025-05-29 18:33:56] [INFO] [interface] D√©marrage du processus: /media/prod/MAXLINK/scripts/install/mqtt_wgs_install.sh

================================================================================
FIN: interface
Date: Thu May 29 18:34:57 2025
================================================================================

[2025-05-29 18:34:57] [INFO] [interface] Interface ferm√©e
